
> fe@0.1.0 build
> next build

Î“Ă»â–“ Next.js 16.2.6 (Turbopack)

  Creating an optimized production build ...
Î“ÂŁĂ´ Compiled successfully in 4.3s
  Running TypeScript ...
  Finished TypeScript in 6.1s ...
  Collecting page data using 11 workers ...
  Generating static pages using 11 workers (0/26) ...
  Generating static pages using 11 workers (6/26) 
  Generating static pages using 11 workers (12/26) 
  Generating static pages using 11 workers (19/26) 
Î“ÂŁĂ´ Generating static pages using 11 workers (26/26) in 407ms
  Finalizing page optimization ...

Route (app)
Î“Ă¶Ă® Î“ĂąĂŻ /
Î“Ă¶ÂŁ Î“ĂąĂŻ /_not-found
Î“Ă¶ÂŁ â•žĂ† /analytics
Î“Ă¶ÂŁ â•žĂ† /api/proxy/auth/clear-access
Î“Ă¶ÂŁ â•žĂ† /api/proxy/auth/clear-tokens
Î“Ă¶ÂŁ â•žĂ† /api/proxy/auth/login
Î“Ă¶ÂŁ â•žĂ† /api/proxy/auth/me
Î“Ă¶ÂŁ â•žĂ† /api/proxy/auth/register
Î“Ă¶ÂŁ â•žĂ† /api/proxy/cvs/active
Î“Ă¶ÂŁ â•žĂ† /api/proxy/cvs/upload
Î“Ă¶ÂŁ â•žĂ† /api/proxy/jobs/[id]
Î“Ă¶ÂŁ â•žĂ† /api/proxy/jobs/[id]/status
Î“Ă¶ÂŁ â•žĂ† /api/proxy/jobs/add
Î“Ă¶ÂŁ â•žĂ† /api/proxy/jobs/applications
Î“Ă¶ÂŁ â•žĂ† /api/proxy/jobs/kanban
Î“Ă¶ÂŁ â•žĂ† /api/proxy/jobs/overview-stats
Î“Ă¶ÂŁ â•žĂ† /api/proxy/jobs/pipeline-funnel
Î“Ă¶ÂŁ â•žĂ† /api/proxy/jobs/status-conversion-rates
Î“Ă¶ÂŁ â•žĂ† /api/proxy/jobs/top-missing-skills
Î“Ă¶ÂŁ â•žĂ† /api/proxy/users/me
Î“Ă¶ÂŁ â•žĂ† /applications
Î“Ă¶ÂŁ â•žĂ† /dashboard
Î“Ă¶ÂŁ â•žĂ† /kanban
Î“Ă¶ÂŁ Î“ĂąĂŻ /login
Î“Ă¶ÂŁ Î“ĂąĂŻ /register
Î“Ă¶Ă¶ â•žĂ† /settings


Î“ĂąĂŻ  (Static)   prerendered as static content
â•žĂ†  (Dynamic)  server-rendered on demand

